{"message":"GET / 라우터가 없습니다.","level":"error"}
{"message":"GET /css/reset.css 라우터가 없습니다.","level":"error"}
{"message":"GET /css/component.css 라우터가 없습니다.","level":"error"}
{"message":"GET /css/webzine.css 라우터가 없습니다.","level":"error"}
{"message":"GET /js/webzine.js 라우터가 없습니다.","level":"error"}
{"message":"GET /img/sample.jpg 라우터가 없습니다.","level":"error"}
{"message":"GET /js/webzine.js 라우터가 없습니다.","level":"error"}
{"message":"GET /favicon.ico 라우터가 없습니다.","level":"error"}
{"message":"GET /css/reset.css 라우터가 없습니다.","level":"error"}
{"message":"GET /css/component.css 라우터가 없습니다.","level":"error"}
{"message":"GET /css/webzine.css 라우터가 없습니다.","level":"error"}
{"message":"GET /js/webzine.js 라우터가 없습니다.","level":"error"}
{"message":"GET /img/sample.jpg 라우터가 없습니다.","level":"error"}
{"message":"GET /css/reset.css 라우터가 없습니다.","level":"error"}
{"message":"GET /css/component.css 라우터가 없습니다.","level":"error"}
{"message":"GET /css/webzine.css 라우터가 없습니다.","level":"error"}
{"message":"GET /js/webzine.js 라우터가 없습니다.","level":"error"}
{"message":"GET /img/sample.jpg 라우터가 없습니다.","level":"error"}
{"message":"GET /public/stylesheet/reset.css 라우터가 없습니다.","level":"error"}
{"message":"GET /public/stylesheet/component.css 라우터가 없습니다.","level":"error"}
{"message":"GET /public/stylesheet/webzine.css 라우터가 없습니다.","level":"error"}
{"message":"GET /public/javascript/webzine.js 라우터가 없습니다.","level":"error"}
{"message":"GET /img/sample.jpg 라우터가 없습니다.","level":"error"}
{"message":"GET /public/stylesheet/reset.css 라우터가 없습니다.","level":"error"}
{"message":"GET /public/stylesheet/component.css 라우터가 없습니다.","level":"error"}
{"message":"GET /public/stylesheet/webzine.css 라우터가 없습니다.","level":"error"}
{"message":"GET /public/javascript/webzine.js 라우터가 없습니다.","level":"error"}
{"message":"GET /img/sample.jpg 라우터가 없습니다.","level":"error"}
{"message":"GET /public/stylesheet/reset.css 라우터가 없습니다.","level":"error"}
{"message":"GET /public/stylesheet/component.css 라우터가 없습니다.","level":"error"}
{"message":"GET /public/stylesheet/webzine.css 라우터가 없습니다.","level":"error"}
{"message":"GET /public/javascript/webzine.js 라우터가 없습니다.","level":"error"}
{"message":"GET /img/sample.jpg 라우터가 없습니다.","level":"error"}
{"message":"GET /public/stylesheet/reset.css 라우터가 없습니다.","level":"error"}
{"message":"GET /public/stylesheet/component.css 라우터가 없습니다.","level":"error"}
{"message":"GET /public/stylesheet/webzine.css 라우터가 없습니다.","level":"error"}
{"message":"GET /public/javascript/webzine.js 라우터가 없습니다.","level":"error"}
{"message":"GET /img/sample.jpg 라우터가 없습니다.","level":"error"}
{"message":"GET /public/stylesheet/reset.css 라우터가 없습니다.","level":"error"}
{"message":"GET /public/stylesheet/component.css 라우터가 없습니다.","level":"error"}
{"message":"GET /public/stylesheet/webzine.css 라우터가 없습니다.","level":"error"}
{"message":"GET /public/javascript/webzine.js 라우터가 없습니다.","level":"error"}
{"message":"GET /img/sample.jpg 라우터가 없습니다.","level":"error"}
{"message":"GET /public/stylesheet/reset.css 라우터가 없습니다.","level":"error"}
{"message":"GET /public/stylesheet/component.css 라우터가 없습니다.","level":"error"}
{"message":"GET /public/stylesheet/webzine.css 라우터가 없습니다.","level":"error"}
{"message":"GET /public/javascript/webzine.js 라우터가 없습니다.","level":"error"}
{"message":"GET /img/sample.jpg 라우터가 없습니다.","level":"error"}
{"message":"GET /public/stylesheet/reset.css 라우터가 없습니다.","level":"error"}
{"message":"GET /public/stylesheet/component.css 라우터가 없습니다.","level":"error"}
{"message":"GET /public/stylesheet/webzine.css 라우터가 없습니다.","level":"error"}
{"message":"GET /public/javascript/webzine.js 라우터가 없습니다.","level":"error"}
{"message":"GET /img/sample.jpg 라우터가 없습니다.","level":"error"}
{"message":"GET /public/stylesheet/reset.css 라우터가 없습니다.","level":"error"}
{"message":"GET /public/stylesheet/component.css 라우터가 없습니다.","level":"error"}
{"message":"GET /public/stylesheet/webzine.css 라우터가 없습니다.","level":"error"}
{"message":"GET /public/javascript/webzine.js 라우터가 없습니다.","level":"error"}
{"message":"GET /img/sample.jpg 라우터가 없습니다.","level":"error"}
{"message":"GET /public/stylesheet/reset.css 라우터가 없습니다.","level":"error"}
{"message":"GET /public/stylesheet/component.css 라우터가 없습니다.","level":"error"}
{"message":"GET /public/stylesheet/webzine.css 라우터가 없습니다.","level":"error"}
{"message":"GET /public/javascript/webzine.js 라우터가 없습니다.","level":"error"}
{"message":"GET /img/sample.jpg 라우터가 없습니다.","level":"error"}
{"message":"GET /public/stylesheet/reset.css 라우터가 없습니다.","level":"error"}
{"message":"GET /public/stylesheet/component.css 라우터가 없습니다.","level":"error"}
{"message":"GET /public/javascript/webzine.js 라우터가 없습니다.","level":"error"}
{"message":"GET /public/stylesheet/webzine.css 라우터가 없습니다.","level":"error"}
{"message":"GET /img/sample.jpg 라우터가 없습니다.","level":"error"}
{"message":"GET /public/javascript/webzine.js 라우터가 없습니다.","level":"error"}
{"message":"GET /public/stylesheet/reset.css 라우터가 없습니다.","level":"error"}
{"message":"GET /public/stylesheet/component.css 라우터가 없습니다.","level":"error"}
{"message":"GET /public/stylesheet/webzine.css 라우터가 없습니다.","level":"error"}
{"message":"GET /public/javascript/webzine.js 라우터가 없습니다.","level":"error"}
{"message":"GET /img/sample.jpg 라우터가 없습니다.","level":"error"}
{"message":"GET /public/stylesheet/reset.css 라우터가 없습니다.","level":"error"}
{"message":"GET /public/stylesheet/component.css 라우터가 없습니다.","level":"error"}
{"message":"GET /public/stylesheet/webzine.css 라우터가 없습니다.","level":"error"}
{"message":"GET /public/javascript/webzine.js 라우터가 없습니다.","level":"error"}
{"message":"GET /img/sample.jpg 라우터가 없습니다.","level":"error"}
{"message":"GET /public/stylesheet/reset.css 라우터가 없습니다.","level":"error"}
{"message":"GET /public/stylesheet/component.css 라우터가 없습니다.","level":"error"}
{"message":"GET /public/stylesheet/webzine.css 라우터가 없습니다.","level":"error"}
{"message":"GET /public/javascript/webzine.js 라우터가 없습니다.","level":"error"}
{"message":"GET /img/sample.jpg 라우터가 없습니다.","level":"error"}
{"message":"GET /public/javascript/webzine.js 라우터가 없습니다.","level":"error"}
{"message":"GET /public/stylesheet/reset.css 라우터가 없습니다.","level":"error"}
{"message":"GET /public/stylesheet/component.css 라우터가 없습니다.","level":"error"}
{"message":"GET /public/stylesheet/webzine.css 라우터가 없습니다.","level":"error"}
{"message":"GET /public/javascript/webzine.js 라우터가 없습니다.","level":"error"}
{"message":"GET /img/sample.jpg 라우터가 없습니다.","level":"error"}
{"message":"GET /public/stylesheet/reset.css 라우터가 없습니다.","level":"error"}
{"message":"GET /public/stylesheet/component.css 라우터가 없습니다.","level":"error"}
{"message":"GET /public/stylesheet/webzine.css 라우터가 없습니다.","level":"error"}
{"message":"GET /public/javascript/webzine.js 라우터가 없습니다.","level":"error"}
{"message":"GET /img/sample.jpg 라우터가 없습니다.","level":"error"}
{"message":"GET /public/stylesheet/reset.css 라우터가 없습니다.","level":"error"}
{"message":"GET /public/stylesheet/component.css 라우터가 없습니다.","level":"error"}
{"message":"GET /public/stylesheet/webzine.css 라우터가 없습니다.","level":"error"}
{"message":"GET /public/stylesheet/reset.css 라우터가 없습니다.","level":"error"}
{"message":"GET /public/javascripts/webzine.js 라우터가 없습니다.","level":"error"}
{"message":"GET /public/stylesheet/webzine.css 라우터가 없습니다.","level":"error"}
{"message":"GET /public/stylesheet/component.css 라우터가 없습니다.","level":"error"}
{"message":"GET /img/sample.jpg 라우터가 없습니다.","level":"error"}
{"message":"GET /public/javascripts/webzine.js 라우터가 없습니다.","level":"error"}
{"message":"GET /public/stylesheet/reset.css 라우터가 없습니다.","level":"error"}
{"message":"GET /public/stylesheet/component.css 라우터가 없습니다.","level":"error"}
{"message":"GET /public/stylesheet/webzine.css 라우터가 없습니다.","level":"error"}
{"message":"GET /public/javascripts/webzine.js 라우터가 없습니다.","level":"error"}
{"message":"GET /img/sample.jpg 라우터가 없습니다.","level":"error"}
{"message":"GET /public/stylesheet/reset.css 라우터가 없습니다.","level":"error"}
{"message":"GET /public/stylesheet/component.css 라우터가 없습니다.","level":"error"}
{"message":"GET /public/stylesheet/webzine.css 라우터가 없습니다.","level":"error"}
{"message":"GET /public/javascripts/webzine.js 라우터가 없습니다.","level":"error"}
{"message":"GET /img/sample.jpg 라우터가 없습니다.","level":"error"}
{"message":"GET /public/stylesheet/reset.css 라우터가 없습니다.","level":"error"}
{"message":"GET /public/stylesheet/component.css 라우터가 없습니다.","level":"error"}
{"message":"GET /public/stylesheet/webzine.css 라우터가 없습니다.","level":"error"}
{"message":"GET /public/javascripts/webzine.js 라우터가 없습니다.","level":"error"}
{"message":"GET /img/sample.jpg 라우터가 없습니다.","level":"error"}
{"message":"GET /public/stylesheet/reset.css 라우터가 없습니다.","level":"error"}
{"message":"GET /public/stylesheet/component.css 라우터가 없습니다.","level":"error"}
{"message":"GET /public/stylesheet/webzine.css 라우터가 없습니다.","level":"error"}
{"message":"GET /public/javascripts/webzine.js 라우터가 없습니다.","level":"error"}
{"message":"GET /img/sample.jpg 라우터가 없습니다.","level":"error"}
